# JRE version: OpenJDK Runtime Environment (18.0.1.1+2) (build 18.0.1.1+2-6)
# Java VM: OpenJDK 64-Bit Server VM (18.0.1.1+2-6, mixed mode, sharing, tiered, compressed oops, compressed class ptrs, g1 gc, windows-amd64)
GC Precious Log:
 CardTable entry size: 512
 Card Set container configuration: InlinePtr #cards 5 size 8 Array Of Cards #cards 12 size 40 Howl #buckets 4 coarsen threshold 1843 Howl Bitmap #cards 512 size 80 coarsen threshold 460 Card regions per heap region 1 cards per card region 2048
 CPUs: 8 total, 8 available
 Memory: 7103M
 Large Page Support: Disabled
 NUMA Support: Disabled
 Compressed Oops: Enabled (32-bit)
 Heap Region Size: 1M
 Heap Min Capacity: 8M
 Heap Initial Capacity: 112M
 Heap Max Capacity: 512M
 Pre-touch: Disabled
 Parallel Workers: 8
 Concurrent Workers: 2
 Concurrent Refinement Workers: 8
 Periodic GC: Disabled
Heap:
 garbage-first heap   total 160768K, used 83456K [0x00000000e0000000, 0x0000000100000000)
  region size 1024K, 6 young (6144K), 6 survivors (6144K)
 Metaspace       used 75537K, committed 76352K, reserved 1179648K
  class space    used 10167K, committed 10560K, reserved 1048576K
GC Heap History (20 events):
Event: 24.954 GC heap after
{Heap after GC invocations=33 (full 0):
 garbage-first heap   total 94208K, used 50978K [0x00000000e0000000, 0x0000000100000000)
  region size 1024K, 4 young (4096K), 4 survivors (4096K)
 Metaspace       used 73386K, committed 74048K, reserved 1114112K
  class space    used 9883K, committed 10240K, reserved 1048576K
}
Event: 25.202 GC heap before
{Heap before GC invocations=33 (full 0):
 garbage-first heap   total 94208K, used 72482K [0x00000000e0000000, 0x0000000100000000)
  region size 1024K, 26 young (26624K), 4 survivors (4096K)
 Metaspace       used 73583K, committed 74304K, reserved 1114112K
  class space    used 9897K, committed 10240K, reserved 1048576K
}
Event: 25.212 GC heap after
{Heap after GC invocations=34 (full 0):
 garbage-first heap   total 94208K, used 57424K [0x00000000e0000000, 0x0000000100000000)
  region size 1024K, 4 young (4096K), 4 survivors (4096K)
 Metaspace       used 73583K, committed 74304K, reserved 1114112K
  class space    used 9897K, committed 10240K, reserved 1048576K
}
Event: 25.309 GC heap before
{Heap before GC invocations=34 (full 0):
 garbage-first heap   total 126976K, used 73808K [0x00000000e0000000, 0x0000000100000000)
  region size 1024K, 19 young (19456K), 4 survivors (4096K)
 Metaspace       used 73591K, committed 74304K, reserved 1114112K
  class space    used 9897K, committed 10240K, reserved 1048576K
}
Event: 25.317 GC heap after
{Heap after GC invocations=35 (full 0):
 garbage-first heap   total 126976K, used 61183K [0x00000000e0000000, 0x0000000100000000)
  region size 1024K, 3 young (3072K), 3 survivors (3072K)
 Metaspace       used 73591K, committed 74304K, reserved 1114112K
  class space    used 9897K, committed 10240K, reserved 1048576K
}
Event: 25.468 GC heap before
{Heap before GC invocations=36 (full 0):
 garbage-first heap   total 126976K, used 93951K [0x00000000e0000000, 0x0000000100000000)
  region size 1024K, 35 young (35840K), 3 survivors (3072K)
 Metaspace       used 73627K, committed 74304K, reserved 1114112K
  class space    used 9897K, committed 10240K, reserved 1048576K
}
Event: 25.475 GC heap after
{Heap after GC invocations=37 (full 0):
 garbage-first heap   total 126976K, used 68608K [0x00000000e0000000, 0x0000000100000000)
  region size 1024K, 5 young (5120K), 5 survivors (5120K)
 Metaspace       used 73627K, committed 74304K, reserved 1114112K
  class space    used 9897K, committed 10240K, reserved 1048576K
}
Event: 25.634 GC heap before
{Heap before GC invocations=37 (full 0):
 garbage-first heap   total 126976K, used 89088K [0x00000000e0000000, 0x0000000100000000)
  region size 1024K, 27 young (27648K), 5 survivors (5120K)
 Metaspace       used 73700K, committed 74368K, reserved 1114112K
  class space    used 9900K, committed 10240K, reserved 1048576K
}
Event: 25.643 GC heap after
{Heap after GC invocations=38 (full 0):
 garbage-first heap   total 149504K, used 75776K [0x00000000e0000000, 0x0000000100000000)
  region size 1024K, 4 young (4096K), 4 survivors (4096K)
 Metaspace       used 73700K, committed 74368K, reserved 1114112K
  class space    used 9900K, committed 10240K, reserved 1048576K
}
Event: 25.826 GC heap before
{Heap before GC invocations=39 (full 0):
 garbage-first heap   total 149504K, used 105472K [0x00000000e0000000, 0x0000000100000000)
  region size 1024K, 37 young (37888K), 4 survivors (4096K)
 Metaspace       used 73717K, committed 74368K, reserved 1114112K
  class space    used 9900K, committed 10240K, reserved 1048576K
}
Event: 25.833 GC heap after
{Heap after GC invocations=40 (full 0):
 garbage-first heap   total 149504K, used 80226K [0x00000000e0000000, 0x0000000100000000)
  region size 1024K, 5 young (5120K), 5 survivors (5120K)
 Metaspace       used 73717K, committed 74368K, reserved 1114112K
  class space    used 9900K, committed 10240K, reserved 1048576K
}
Event: 25.839 GC heap before
{Heap before GC invocations=40 (full 0):
 garbage-first heap   total 149504K, used 82274K [0x00000000e0000000, 0x0000000100000000)
  region size 1024K, 7 young (7168K), 5 survivors (5120K)
 Metaspace       used 73717K, committed 74368K, reserved 1114112K
  class space    used 9900K, committed 10240K, reserved 1048576K
}
Event: 25.842 GC heap after
{Heap after GC invocations=41 (full 0):
 garbage-first heap   total 149504K, used 75065K [0x00000000e0000000, 0x0000000100000000)
  region size 1024K, 1 young (1024K), 1 survivors (1024K)
 Metaspace       used 73717K, committed 74368K, reserved 1114112K
  class space    used 9900K, committed 10240K, reserved 1048576K
}
Event: 26.027 GC heap before
{Heap before GC invocations=41 (full 0):
 garbage-first heap   total 149504K, used 108857K [0x00000000e0000000, 0x0000000100000000)
  region size 1024K, 35 young (35840K), 1 survivors (1024K)
 Metaspace       used 73763K, committed 74432K, reserved 1114112K
  class space    used 9900K, committed 10240K, reserved 1048576K
}
Event: 26.036 GC heap after
{Heap after GC invocations=42 (full 0):
 garbage-first heap   total 149504K, used 84234K [0x00000000e0000000, 0x0000000100000000)
  region size 1024K, 5 young (5120K), 5 survivors (5120K)
 Metaspace       used 73763K, committed 74432K, reserved 1114112K
  class space    used 9900K, committed 10240K, reserved 1048576K
}
Event: 26.191 GC heap before
{Heap before GC invocations=43 (full 0):
 garbage-first heap   total 160768K, used 105738K [0x00000000e0000000, 0x0000000100000000)
  region size 1024K, 33 young (33792K), 5 survivors (5120K)
 Metaspace       used 73763K, committed 74432K, reserved 1114112K
  class space    used 9900K, committed 10240K, reserved 1048576K
}
Event: 26.199 GC heap after
{Heap after GC invocations=44 (full 0):
 garbage-first heap   total 160768K, used 84572K [0x00000000e0000000, 0x0000000100000000)
  region size 1024K, 5 young (5120K), 5 survivors (5120K)
 Metaspace       used 73763K, committed 74432K, reserved 1114112K
  class space    used 9900K, committed 10240K, reserved 1048576K
}
Event: 26.214 GC heap before
{Heap before GC invocations=44 (full 0):
 garbage-first heap   total 160768K, used 86620K [0x00000000e0000000, 0x0000000100000000)
  region size 1024K, 7 young (7168K), 5 survivors (5120K)
 Metaspace       used 73763K, committed 74432K, reserved 1114112K
  class space    used 9900K, committed 10240K, reserved 1048576K
}
Event: 26.218 GC heap after
{Heap after GC invocations=45 (full 0):
 garbage-first heap   total 160768K, used 74154K [0x00000000e0000000, 0x0000000100000000)
  region size 1024K, 1 young (1024K), 1 survivors (1024K)
 Metaspace       used 73763K, committed 74432K, reserved 1114112K
  class space    used 9900K, committed 10240K, reserved 1048576K
}
Event: 27.192 GC heap before
{Heap before GC invocations=45 (full 0):
 garbage-first heap   total 160768K, used 115114K [0x00000000e0000000, 0x0000000100000000)
  region size 1024K, 42 young (43008K), 1 survivors (1024K)
 Metaspace       used 75537K, committed 76352K, reserved 1179648K
  class space    used 10167K, committed 10560K, reserved 1048576K
}

