# JRE version: OpenJDK Runtime Environment (18.0.1.1+2) (build 18.0.1.1+2-6)
# Java VM: OpenJDK 64-Bit Server VM (18.0.1.1+2-6, mixed mode, sharing, tiered, compressed oops, compressed class ptrs, g1 gc, windows-amd64)
GC Precious Log:
 CardTable entry size: 512
 Card Set container configuration: InlinePtr #cards 5 size 8 Array Of Cards #cards 12 size 40 Howl #buckets 4 coarsen threshold 1843 Howl Bitmap #cards 512 size 80 coarsen threshold 460 Card regions per heap region 1 cards per card region 2048
 CPUs: 8 total, 8 available
 Memory: 7103M
 Large Page Support: Disabled
 NUMA Support: Disabled
 Compressed Oops: Enabled (32-bit)
 Heap Region Size: 1M
 Heap Min Capacity: 8M
 Heap Initial Capacity: 112M
 Heap Max Capacity: 512M
 Pre-touch: Disabled
 Parallel Workers: 8
 Concurrent Workers: 2
 Concurrent Refinement Workers: 8
 Periodic GC: Disabled
Heap:
 garbage-first heap   total 114688K, used 60175K [0x00000000e0000000, 0x0000000100000000)
  region size 1024K, 1 young (1024K), 1 survivors (1024K)
 Metaspace       used 73652K, committed 74368K, reserved 1114112K
  class space    used 9903K, committed 10240K, reserved 1048576K
GC Heap History (20 events):
Event: 27.728 GC heap after
{Heap after GC invocations=29 (full 0):
 garbage-first heap   total 70656K, used 37464K [0x00000000e0000000, 0x0000000100000000)
  region size 1024K, 2 young (2048K), 2 survivors (2048K)
 Metaspace       used 70638K, committed 71296K, reserved 1114112K
  class space    used 9569K, committed 9856K, reserved 1048576K
}
Event: 28.648 GC heap before
{Heap before GC invocations=29 (full 0):
 garbage-first heap   total 70656K, used 57944K [0x00000000e0000000, 0x0000000100000000)
  region size 1024K, 22 young (22528K), 2 survivors (2048K)
 Metaspace       used 73245K, committed 73920K, reserved 1114112K
  class space    used 9885K, committed 10240K, reserved 1048576K
}
Event: 28.654 GC heap after
{Heap after GC invocations=30 (full 0):
 garbage-first heap   total 70656K, used 40100K [0x00000000e0000000, 0x0000000100000000)
  region size 1024K, 3 young (3072K), 3 survivors (3072K)
 Metaspace       used 73245K, committed 73920K, reserved 1114112K
  class space    used 9885K, committed 10240K, reserved 1048576K
}
Event: 28.770 GC heap before
{Heap before GC invocations=31 (full 0):
 garbage-first heap   total 75776K, used 45220K [0x00000000e0000000, 0x0000000100000000)
  region size 1024K, 9 young (9216K), 3 survivors (3072K)
 Metaspace       used 73285K, committed 73920K, reserved 1114112K
  class space    used 9887K, committed 10240K, reserved 1048576K
}
Event: 28.774 GC heap after
{Heap after GC invocations=32 (full 0):
 garbage-first heap   total 75776K, used 40970K [0x00000000e0000000, 0x0000000100000000)
  region size 1024K, 2 young (2048K), 2 survivors (2048K)
 Metaspace       used 73285K, committed 73920K, reserved 1114112K
  class space    used 9887K, committed 10240K, reserved 1048576K
}
Event: 28.872 GC heap before
{Heap before GC invocations=33 (full 0):
 garbage-first heap   total 91136K, used 59402K [0x00000000e0000000, 0x0000000100000000)
  region size 1024K, 20 young (20480K), 2 survivors (2048K)
 Metaspace       used 73323K, committed 74048K, reserved 1114112K
  class space    used 9887K, committed 10240K, reserved 1048576K
}
Event: 28.877 GC heap after
{Heap after GC invocations=34 (full 0):
 garbage-first heap   total 91136K, used 44442K [0x00000000e0000000, 0x0000000100000000)
  region size 1024K, 3 young (3072K), 3 survivors (3072K)
 Metaspace       used 73323K, committed 74048K, reserved 1114112K
  class space    used 9887K, committed 10240K, reserved 1048576K
}
Event: 29.036 GC heap before
{Heap before GC invocations=35 (full 0):
 garbage-first heap   total 91136K, used 70042K [0x00000000e0000000, 0x0000000100000000)
  region size 1024K, 28 young (28672K), 3 survivors (3072K)
 Metaspace       used 73378K, committed 74048K, reserved 1114112K
  class space    used 9887K, committed 10240K, reserved 1048576K
}
Event: 29.041 GC heap after
{Heap after GC invocations=36 (full 0):
 garbage-first heap   total 91136K, used 50125K [0x00000000e0000000, 0x0000000100000000)
  region size 1024K, 4 young (4096K), 4 survivors (4096K)
 Metaspace       used 73378K, committed 74048K, reserved 1114112K
  class space    used 9887K, committed 10240K, reserved 1048576K
}
Event: 29.194 GC heap before
{Heap before GC invocations=36 (full 0):
 garbage-first heap   total 91136K, used 71629K [0x00000000e0000000, 0x0000000100000000)
  region size 1024K, 25 young (25600K), 4 survivors (4096K)
 Metaspace       used 73557K, committed 74240K, reserved 1114112K
  class space    used 9900K, committed 10240K, reserved 1048576K
}
Event: 29.202 GC heap after
{Heap after GC invocations=37 (full 0):
 garbage-first heap   total 91136K, used 57158K [0x00000000e0000000, 0x0000000100000000)
  region size 1024K, 4 young (4096K), 4 survivors (4096K)
 Metaspace       used 73557K, committed 74240K, reserved 1114112K
  class space    used 9900K, committed 10240K, reserved 1048576K
}
Event: 29.261 GC heap before
{Heap before GC invocations=37 (full 0):
 garbage-first heap   total 91136K, used 73542K [0x00000000e0000000, 0x0000000100000000)
  region size 1024K, 18 young (18432K), 4 survivors (4096K)
 Metaspace       used 73565K, committed 74240K, reserved 1114112K
  class space    used 9900K, committed 10240K, reserved 1048576K
}
Event: 29.265 GC heap after
{Heap after GC invocations=38 (full 0):
 garbage-first heap   total 91136K, used 61008K [0x00000000e0000000, 0x0000000100000000)
  region size 1024K, 3 young (3072K), 3 survivors (3072K)
 Metaspace       used 73565K, committed 74240K, reserved 1114112K
  class space    used 9900K, committed 10240K, reserved 1048576K
}
Event: 29.318 GC heap before
{Heap before GC invocations=39 (full 0):
 garbage-first heap   total 107520K, used 73296K [0x00000000e0000000, 0x0000000100000000)
  region size 1024K, 15 young (15360K), 3 survivors (3072K)
 Metaspace       used 73569K, committed 74240K, reserved 1114112K
  class space    used 9900K, committed 10240K, reserved 1048576K
}
Event: 29.321 GC heap after
{Heap after GC invocations=40 (full 0):
 garbage-first heap   total 107520K, used 64970K [0x00000000e0000000, 0x0000000100000000)
  region size 1024K, 2 young (2048K), 2 survivors (2048K)
 Metaspace       used 73569K, committed 74240K, reserved 1114112K
  class space    used 9900K, committed 10240K, reserved 1048576K
}
Event: 29.359 GC heap before
{Heap before GC invocations=40 (full 0):
 garbage-first heap   total 107520K, used 83402K [0x00000000e0000000, 0x0000000100000000)
  region size 1024K, 20 young (20480K), 2 survivors (2048K)
 Metaspace       used 73598K, committed 74240K, reserved 1114112K
  class space    used 9900K, committed 10240K, reserved 1048576K
}
Event: 29.363 GC heap after
{Heap after GC invocations=41 (full 0):
 garbage-first heap   total 107520K, used 67860K [0x00000000e0000000, 0x0000000100000000)
  region size 1024K, 3 young (3072K), 3 survivors (3072K)
 Metaspace       used 73598K, committed 74240K, reserved 1114112K
  class space    used 9900K, committed 10240K, reserved 1048576K
}
Event: 29.514 GC heap before
{Heap before GC invocations=42 (full 0):
 garbage-first heap   total 111616K, used 79124K [0x00000000e0000000, 0x0000000100000000)
  region size 1024K, 20 young (20480K), 3 survivors (3072K)
 Metaspace       used 73645K, committed 74304K, reserved 1114112K
  class space    used 9903K, committed 10240K, reserved 1048576K
}
Event: 29.521 GC heap after
{Heap after GC invocations=43 (full 0):
 garbage-first heap   total 111616K, used 68438K [0x00000000e0000000, 0x0000000100000000)
  region size 1024K, 3 young (3072K), 3 survivors (3072K)
 Metaspace       used 73645K, committed 74304K, reserved 1114112K
  class space    used 9903K, committed 10240K, reserved 1048576K
}
Event: 29.535 GC heap before
{Heap before GC invocations=43 (full 0):
 garbage-first heap   total 111616K, used 70486K [0x00000000e0000000, 0x0000000100000000)
  region size 1024K, 5 young (5120K), 3 survivors (3072K)
 Metaspace       used 73652K, committed 74368K, reserved 1114112K
  class space    used 9903K, committed 10240K, reserved 1048576K
}

