# JRE version: OpenJDK Runtime Environment (18.0.1.1+2) (build 18.0.1.1+2-6)
# Java VM: OpenJDK 64-Bit Server VM (18.0.1.1+2-6, mixed mode, sharing, tiered, compressed oops, compressed class ptrs, g1 gc, windows-amd64)
GC Precious Log:
 CardTable entry size: 512
 Card Set container configuration: InlinePtr #cards 5 size 8 Array Of Cards #cards 12 size 40 Howl #buckets 4 coarsen threshold 1843 Howl Bitmap #cards 512 size 80 coarsen threshold 460 Card regions per heap region 1 cards per card region 2048
 CPUs: 8 total, 8 available
 Memory: 7103M
 Large Page Support: Disabled
 NUMA Support: Disabled
 Compressed Oops: Enabled (32-bit)
 Heap Region Size: 1M
 Heap Min Capacity: 8M
 Heap Initial Capacity: 112M
 Heap Max Capacity: 512M
 Pre-touch: Disabled
 Parallel Workers: 8
 Concurrent Workers: 2
 Concurrent Refinement Workers: 8
 Periodic GC: Disabled
Heap:
 garbage-first heap   total 189440K, used 83107K [0x00000000e0000000, 0x0000000100000000)
  region size 1024K, 8 young (8192K), 8 survivors (8192K)
 Metaspace       used 79896K, committed 80576K, reserved 1179648K
  class space    used 10470K, committed 10816K, reserved 1048576K
GC Heap History (20 events):
Event: 23.693 GC heap after
{Heap after GC invocations=29 (full 0):
 garbage-first heap   total 89088K, used 52224K [0x00000000e0000000, 0x0000000100000000)
  region size 1024K, 4 young (4096K), 4 survivors (4096K)
 Metaspace       used 73365K, committed 74048K, reserved 1114112K
  class space    used 9878K, committed 10240K, reserved 1048576K
}
Event: 23.807 GC heap before
{Heap before GC invocations=29 (full 0):
 garbage-first heap   total 89088K, used 70656K [0x00000000e0000000, 0x0000000100000000)
  region size 1024K, 22 young (22528K), 4 survivors (4096K)
 Metaspace       used 73468K, committed 74112K, reserved 1114112K
  class space    used 9886K, committed 10240K, reserved 1048576K
}
Event: 23.816 GC heap after
{Heap after GC invocations=30 (full 0):
 garbage-first heap   total 89088K, used 59137K [0x00000000e0000000, 0x0000000100000000)
  region size 1024K, 3 young (3072K), 3 survivors (3072K)
 Metaspace       used 73468K, committed 74112K, reserved 1114112K
  class space    used 9886K, committed 10240K, reserved 1048576K
}
Event: 24.010 GC heap before
{Heap before GC invocations=31 (full 0):
 garbage-first heap   total 99328K, used 65281K [0x00000000e0000000, 0x0000000100000000)
  region size 1024K, 13 young (13312K), 3 survivors (3072K)
 Metaspace       used 73574K, committed 74240K, reserved 1114112K
  class space    used 9892K, committed 10240K, reserved 1048576K
}
Event: 24.014 GC heap after
{Heap after GC invocations=32 (full 0):
 garbage-first heap   total 99328K, used 58332K [0x00000000e0000000, 0x0000000100000000)
  region size 1024K, 2 young (2048K), 2 survivors (2048K)
 Metaspace       used 73574K, committed 74240K, reserved 1114112K
  class space    used 9892K, committed 10240K, reserved 1048576K
}
Event: 24.076 GC heap before
{Heap before GC invocations=32 (full 0):
 garbage-first heap   total 99328K, used 77788K [0x00000000e0000000, 0x0000000100000000)
  region size 1024K, 20 young (20480K), 2 survivors (2048K)
 Metaspace       used 73577K, committed 74240K, reserved 1114112K
  class space    used 9892K, committed 10240K, reserved 1048576K
}
Event: 24.079 GC heap after
{Heap after GC invocations=33 (full 0):
 garbage-first heap   total 99328K, used 62215K [0x00000000e0000000, 0x0000000100000000)
  region size 1024K, 3 young (3072K), 3 survivors (3072K)
 Metaspace       used 73577K, committed 74240K, reserved 1114112K
  class space    used 9892K, committed 10240K, reserved 1048576K
}
Event: 24.133 GC heap before
{Heap before GC invocations=33 (full 0):
 garbage-first heap   total 121856K, used 79623K [0x00000000e0000000, 0x0000000100000000)
  region size 1024K, 19 young (19456K), 3 survivors (3072K)
 Metaspace       used 73595K, committed 74304K, reserved 1114112K
  class space    used 9892K, committed 10240K, reserved 1048576K
}
Event: 24.138 GC heap after
{Heap after GC invocations=34 (full 0):
 garbage-first heap   total 173056K, used 66052K [0x00000000e0000000, 0x0000000100000000)
  region size 1024K, 3 young (3072K), 3 survivors (3072K)
 Metaspace       used 73595K, committed 74304K, reserved 1114112K
  class space    used 9892K, committed 10240K, reserved 1048576K
}
Event: 24.420 GC heap before
{Heap before GC invocations=35 (full 0):
 garbage-first heap   total 173056K, used 131588K [0x00000000e0000000, 0x0000000100000000)
  region size 1024K, 65 young (66560K), 3 survivors (3072K)
 Metaspace       used 73703K, committed 74368K, reserved 1114112K
  class space    used 9895K, committed 10240K, reserved 1048576K
}
Event: 24.436 GC heap after
{Heap after GC invocations=36 (full 0):
 garbage-first heap   total 173056K, used 83785K [0x00000000e0000000, 0x0000000100000000)
  region size 1024K, 9 young (9216K), 9 survivors (9216K)
 Metaspace       used 73703K, committed 74368K, reserved 1114112K
  class space    used 9895K, committed 10240K, reserved 1048576K
}
Event: 24.438 GC heap before
{Heap before GC invocations=36 (full 0):
 garbage-first heap   total 173056K, used 84809K [0x00000000e0000000, 0x0000000100000000)
  region size 1024K, 10 young (10240K), 9 survivors (9216K)
 Metaspace       used 73703K, committed 74368K, reserved 1114112K
  class space    used 9895K, committed 10240K, reserved 1048576K
}
Event: 24.444 GC heap after
{Heap after GC invocations=37 (full 0):
 garbage-first heap   total 173056K, used 82876K [0x00000000e0000000, 0x0000000100000000)
  region size 1024K, 2 young (2048K), 2 survivors (2048K)
 Metaspace       used 73703K, committed 74368K, reserved 1114112K
  class space    used 9895K, committed 10240K, reserved 1048576K
}
Event: 24.651 GC heap before
{Heap before GC invocations=37 (full 0):
 garbage-first heap   total 173056K, used 119740K [0x00000000e0000000, 0x0000000100000000)
  region size 1024K, 40 young (40960K), 2 survivors (2048K)
 Metaspace       used 73735K, committed 74368K, reserved 1114112K
  class space    used 9895K, committed 10240K, reserved 1048576K
}
Event: 24.660 GC heap after
{Heap after GC invocations=38 (full 0):
 garbage-first heap   total 173056K, used 92611K [0x00000000e0000000, 0x0000000100000000)
  region size 1024K, 6 young (6144K), 6 survivors (6144K)
 Metaspace       used 73735K, committed 74368K, reserved 1114112K
  class space    used 9895K, committed 10240K, reserved 1048576K
}
Event: 24.806 GC heap before
{Heap before GC invocations=39 (full 0):
 garbage-first heap   total 189440K, used 122307K [0x00000000e0000000, 0x0000000100000000)
  region size 1024K, 45 young (46080K), 6 survivors (6144K)
 Metaspace       used 73741K, committed 74432K, reserved 1114112K
  class space    used 9895K, committed 10240K, reserved 1048576K
}
Event: 24.817 GC heap after
{Heap after GC invocations=40 (full 0):
 garbage-first heap   total 189440K, used 88470K [0x00000000e0000000, 0x0000000100000000)
  region size 1024K, 6 young (6144K), 6 survivors (6144K)
 Metaspace       used 73741K, committed 74432K, reserved 1114112K
  class space    used 9895K, committed 10240K, reserved 1048576K
}
Event: 24.840 GC heap before
{Heap before GC invocations=40 (full 0):
 garbage-first heap   total 189440K, used 91542K [0x00000000e0000000, 0x0000000100000000)
  region size 1024K, 9 young (9216K), 6 survivors (6144K)
 Metaspace       used 73742K, committed 74432K, reserved 1114112K
  class space    used 9895K, committed 10240K, reserved 1048576K
}
Event: 24.845 GC heap after
{Heap after GC invocations=41 (full 0):
 garbage-first heap   total 189440K, used 74045K [0x00000000e0000000, 0x0000000100000000)
  region size 1024K, 2 young (2048K), 2 survivors (2048K)
 Metaspace       used 73742K, committed 74432K, reserved 1114112K
  class space    used 9895K, committed 10240K, reserved 1048576K
}
Event: 26.593 GC heap before
{Heap before GC invocations=41 (full 0):
 garbage-first heap   total 189440K, used 119101K [0x00000000e0000000, 0x0000000100000000)
  region size 1024K, 48 young (49152K), 2 survivors (2048K)
 Metaspace       used 79896K, committed 80576K, reserved 1179648K
  class space    used 10470K, committed 10816K, reserved 1048576K
}

