# JRE version: OpenJDK Runtime Environment (18.0.1.1+2) (build 18.0.1.1+2-6)
# Java VM: OpenJDK 64-Bit Server VM (18.0.1.1+2-6, mixed mode, sharing, tiered, compressed oops, compressed class ptrs, g1 gc, windows-amd64)
GC Precious Log:
 CardTable entry size: 512
 Card Set container configuration: InlinePtr #cards 5 size 8 Array Of Cards #cards 12 size 40 Howl #buckets 4 coarsen threshold 1843 Howl Bitmap #cards 512 size 80 coarsen threshold 460 Card regions per heap region 1 cards per card region 2048
 CPUs: 8 total, 8 available
 Memory: 7103M
 Large Page Support: Disabled
 NUMA Support: Disabled
 Compressed Oops: Enabled (32-bit)
 Heap Region Size: 1M
 Heap Min Capacity: 8M
 Heap Initial Capacity: 112M
 Heap Max Capacity: 512M
 Pre-touch: Disabled
 Parallel Workers: 8
 Concurrent Workers: 2
 Concurrent Refinement Workers: 8
 Periodic GC: Disabled
Heap:
 garbage-first heap   total 173056K, used 72131K [0x00000000e0000000, 0x0000000100000000)
  region size 1024K, 1 young (1024K), 1 survivors (1024K)
 Metaspace       used 73792K, committed 74432K, reserved 1114112K
  class space    used 9912K, committed 10240K, reserved 1048576K
GC Heap History (20 events):
Event: 28.935 GC heap after
{Heap after GC invocations=31 (full 0):
 garbage-first heap   total 68608K, used 40987K [0x00000000e0000000, 0x0000000100000000)
  region size 1024K, 3 young (3072K), 3 survivors (3072K)
 Metaspace       used 73344K, committed 73984K, reserved 1114112K
  class space    used 9894K, committed 10240K, reserved 1048576K
}
Event: 29.083 GC heap before
{Heap before GC invocations=32 (full 0):
 garbage-first heap   total 83968K, used 55323K [0x00000000e0000000, 0x0000000100000000)
  region size 1024K, 17 young (17408K), 3 survivors (3072K)
 Metaspace       used 73385K, committed 74112K, reserved 1114112K
  class space    used 9894K, committed 10240K, reserved 1048576K
}
Event: 29.090 GC heap after
{Heap after GC invocations=33 (full 0):
 garbage-first heap   total 83968K, used 45804K [0x00000000e0000000, 0x0000000100000000)
  region size 1024K, 3 young (3072K), 3 survivors (3072K)
 Metaspace       used 73385K, committed 74112K, reserved 1114112K
  class space    used 9894K, committed 10240K, reserved 1048576K
}
Event: 29.252 GC heap before
{Heap before GC invocations=34 (full 0):
 garbage-first heap   total 96256K, used 66284K [0x00000000e0000000, 0x0000000100000000)
  region size 1024K, 23 young (23552K), 3 survivors (3072K)
 Metaspace       used 73420K, committed 74112K, reserved 1114112K
  class space    used 9894K, committed 10240K, reserved 1048576K
}
Event: 29.258 GC heap after
{Heap after GC invocations=35 (full 0):
 garbage-first heap   total 96256K, used 51593K [0x00000000e0000000, 0x0000000100000000)
  region size 1024K, 3 young (3072K), 3 survivors (3072K)
 Metaspace       used 73420K, committed 74112K, reserved 1114112K
  class space    used 9894K, committed 10240K, reserved 1048576K
}
Event: 29.393 GC heap before
{Heap before GC invocations=35 (full 0):
 garbage-first heap   total 96256K, used 73097K [0x00000000e0000000, 0x0000000100000000)
  region size 1024K, 25 young (25600K), 3 survivors (3072K)
 Metaspace       used 73531K, committed 74176K, reserved 1114112K
  class space    used 9902K, committed 10240K, reserved 1048576K
}
Event: 29.407 GC heap after
{Heap after GC invocations=36 (full 0):
 garbage-first heap   total 96256K, used 59816K [0x00000000e0000000, 0x0000000100000000)
  region size 1024K, 4 young (4096K), 4 survivors (4096K)
 Metaspace       used 73531K, committed 74176K, reserved 1114112K
  class space    used 9902K, committed 10240K, reserved 1048576K
}
Event: 29.634 GC heap before
{Heap before GC invocations=37 (full 0):
 garbage-first heap   total 104448K, used 73128K [0x00000000e0000000, 0x0000000100000000)
  region size 1024K, 18 young (18432K), 4 survivors (4096K)
 Metaspace       used 73636K, committed 74304K, reserved 1114112K
  class space    used 9908K, committed 10240K, reserved 1048576K
}
Event: 29.641 GC heap after
{Heap after GC invocations=38 (full 0):
 garbage-first heap   total 160768K, used 62659K [0x00000000e0000000, 0x0000000100000000)
  region size 1024K, 3 young (3072K), 3 survivors (3072K)
 Metaspace       used 73636K, committed 74304K, reserved 1114112K
  class space    used 9908K, committed 10240K, reserved 1048576K
}
Event: 29.660 GC heap before
{Heap before GC invocations=38 (full 0):
 garbage-first heap   total 160768K, used 66755K [0x00000000e0000000, 0x0000000100000000)
  region size 1024K, 7 young (7168K), 3 survivors (3072K)
 Metaspace       used 73637K, committed 74304K, reserved 1114112K
  class space    used 9908K, committed 10240K, reserved 1048576K
}
Event: 29.665 GC heap after
{Heap after GC invocations=39 (full 0):
 garbage-first heap   total 160768K, used 63148K [0x00000000e0000000, 0x0000000100000000)
  region size 1024K, 1 young (1024K), 1 survivors (1024K)
 Metaspace       used 73637K, committed 74304K, reserved 1114112K
  class space    used 9908K, committed 10240K, reserved 1048576K
}
Event: 30.080 GC heap before
{Heap before GC invocations=39 (full 0):
 garbage-first heap   total 160768K, used 117420K [0x00000000e0000000, 0x0000000100000000)
  region size 1024K, 54 young (55296K), 1 survivors (1024K)
 Metaspace       used 73737K, committed 74432K, reserved 1114112K
  class space    used 9912K, committed 10240K, reserved 1048576K
}
Event: 30.109 GC heap after
{Heap after GC invocations=40 (full 0):
 garbage-first heap   total 160768K, used 76566K [0x00000000e0000000, 0x0000000100000000)
  region size 1024K, 7 young (7168K), 7 survivors (7168K)
 Metaspace       used 73737K, committed 74432K, reserved 1114112K
  class space    used 9912K, committed 10240K, reserved 1048576K
}
Event: 30.326 GC heap before
{Heap before GC invocations=40 (full 0):
 garbage-first heap   total 160768K, used 120598K [0x00000000e0000000, 0x0000000100000000)
  region size 1024K, 48 young (49152K), 7 survivors (7168K)
 Metaspace       used 73770K, committed 74432K, reserved 1114112K
  class space    used 9912K, committed 10240K, reserved 1048576K
}
Event: 30.337 GC heap after
{Heap after GC invocations=41 (full 0):
 garbage-first heap   total 160768K, used 86317K [0x00000000e0000000, 0x0000000100000000)
  region size 1024K, 6 young (6144K), 6 survivors (6144K)
 Metaspace       used 73770K, committed 74432K, reserved 1114112K
  class space    used 9912K, committed 10240K, reserved 1048576K
}
Event: 30.530 GC heap before
{Heap before GC invocations=41 (full 0):
 garbage-first heap   total 160768K, used 120109K [0x00000000e0000000, 0x0000000100000000)
  region size 1024K, 40 young (40960K), 6 survivors (6144K)
 Metaspace       used 73790K, committed 74432K, reserved 1114112K
  class space    used 9912K, committed 10240K, reserved 1048576K
}
Event: 30.547 GC heap after
{Heap after GC invocations=42 (full 0):
 garbage-first heap   total 160768K, used 95661K [0x00000000e0000000, 0x0000000100000000)
  region size 1024K, 6 young (6144K), 6 survivors (6144K)
 Metaspace       used 73790K, committed 74432K, reserved 1114112K
  class space    used 9912K, committed 10240K, reserved 1048576K
}
Event: 30.693 GC heap before
{Heap before GC invocations=43 (full 0):
 garbage-first heap   total 173056K, used 106925K [0x00000000e0000000, 0x0000000100000000)
  region size 1024K, 33 young (33792K), 6 survivors (6144K)
 Metaspace       used 73792K, committed 74432K, reserved 1114112K
  class space    used 9912K, committed 10240K, reserved 1048576K
}
Event: 30.702 GC heap after
{Heap after GC invocations=44 (full 0):
 garbage-first heap   total 173056K, used 84199K [0x00000000e0000000, 0x0000000100000000)
  region size 1024K, 5 young (5120K), 5 survivors (5120K)
 Metaspace       used 73792K, committed 74432K, reserved 1114112K
  class space    used 9912K, committed 10240K, reserved 1048576K
}
Event: 30.710 GC heap before
{Heap before GC invocations=44 (full 0):
 garbage-first heap   total 173056K, used 86247K [0x00000000e0000000, 0x0000000100000000)
  region size 1024K, 8 young (8192K), 5 survivors (5120K)
 Metaspace       used 73792K, committed 74432K, reserved 1114112K
  class space    used 9912K, committed 10240K, reserved 1048576K
}

