# JRE version: OpenJDK Runtime Environment (18.0.1.1+2) (build 18.0.1.1+2-6)
# Java VM: OpenJDK 64-Bit Server VM (18.0.1.1+2-6, mixed mode, sharing, tiered, compressed oops, compressed class ptrs, g1 gc, windows-amd64)
GC Precious Log:
 CardTable entry size: 512
 Card Set container configuration: InlinePtr #cards 5 size 8 Array Of Cards #cards 12 size 40 Howl #buckets 4 coarsen threshold 1843 Howl Bitmap #cards 512 size 80 coarsen threshold 460 Card regions per heap region 1 cards per card region 2048
 CPUs: 8 total, 8 available
 Memory: 7103M
 Large Page Support: Disabled
 NUMA Support: Disabled
 Compressed Oops: Enabled (32-bit)
 Heap Region Size: 1M
 Heap Min Capacity: 8M
 Heap Initial Capacity: 112M
 Heap Max Capacity: 512M
 Pre-touch: Disabled
 Parallel Workers: 8
 Concurrent Workers: 2
 Concurrent Refinement Workers: 8
 Periodic GC: Disabled
Heap:
 garbage-first heap   total 119808K, used 76013K [0x00000000e0000000, 0x0000000100000000)
  region size 1024K, 3 young (3072K), 3 survivors (3072K)
 Metaspace       used 73711K, committed 74368K, reserved 1114112K
  class space    used 9910K, committed 10240K, reserved 1048576K
GC Heap History (20 events):
Event: 21.564 GC heap after
{Heap after GC invocations=26 (full 0):
 garbage-first heap   total 65536K, used 36491K [0x00000000e0000000, 0x0000000100000000)
  region size 1024K, 1 young (1024K), 1 survivors (1024K)
 Metaspace       used 68559K, committed 69120K, reserved 1114112K
  class space    used 9289K, committed 9536K, reserved 1048576K
}
Event: 22.043 GC heap before
{Heap before GC invocations=26 (full 0):
 garbage-first heap   total 65536K, used 52875K [0x00000000e0000000, 0x0000000100000000)
  region size 1024K, 17 young (17408K), 1 survivors (1024K)
 Metaspace       used 70350K, committed 70976K, reserved 1114112K
  class space    used 9531K, committed 9792K, reserved 1048576K
}
Event: 22.047 GC heap after
{Heap after GC invocations=27 (full 0):
 garbage-first heap   total 65536K, used 37662K [0x00000000e0000000, 0x0000000100000000)
  region size 1024K, 3 young (3072K), 3 survivors (3072K)
 Metaspace       used 70350K, committed 70976K, reserved 1114112K
  class space    used 9531K, committed 9792K, reserved 1048576K
}
Event: 22.537 GC heap before
{Heap before GC invocations=28 (full 0):
 garbage-first heap   total 70656K, used 53022K [0x00000000e0000000, 0x0000000100000000)
  region size 1024K, 18 young (18432K), 3 survivors (3072K)
 Metaspace       used 72352K, committed 72960K, reserved 1114112K
  class space    used 9800K, committed 10112K, reserved 1048576K
}
Event: 22.542 GC heap after
{Heap after GC invocations=29 (full 0):
 garbage-first heap   total 70656K, used 38989K [0x00000000e0000000, 0x0000000100000000)
  region size 1024K, 3 young (3072K), 3 survivors (3072K)
 Metaspace       used 72352K, committed 72960K, reserved 1114112K
  class space    used 9800K, committed 10112K, reserved 1048576K
}
Event: 22.801 GC heap before
{Heap before GC invocations=29 (full 0):
 garbage-first heap   total 70656K, used 52301K [0x00000000e0000000, 0x0000000100000000)
  region size 1024K, 18 young (18432K), 3 survivors (3072K)
 Metaspace       used 73343K, committed 74048K, reserved 1114112K
  class space    used 9893K, committed 10240K, reserved 1048576K
}
Event: 22.806 GC heap after
{Heap after GC invocations=30 (full 0):
 garbage-first heap   total 70656K, used 41140K [0x00000000e0000000, 0x0000000100000000)
  region size 1024K, 3 young (3072K), 3 survivors (3072K)
 Metaspace       used 73343K, committed 74048K, reserved 1114112K
  class space    used 9893K, committed 10240K, reserved 1048576K
}
Event: 22.904 GC heap before
{Heap before GC invocations=31 (full 0):
 garbage-first heap   total 96256K, used 59572K [0x00000000e0000000, 0x0000000100000000)
  region size 1024K, 19 young (19456K), 3 survivors (3072K)
 Metaspace       used 73388K, committed 74048K, reserved 1114112K
  class space    used 9893K, committed 10240K, reserved 1048576K
}
Event: 22.909 GC heap after
{Heap after GC invocations=32 (full 0):
 garbage-first heap   total 96256K, used 47743K [0x00000000e0000000, 0x0000000100000000)
  region size 1024K, 3 young (3072K), 3 survivors (3072K)
 Metaspace       used 73388K, committed 74048K, reserved 1114112K
  class space    used 9893K, committed 10240K, reserved 1048576K
}
Event: 23.090 GC heap before
{Heap before GC invocations=32 (full 0):
 garbage-first heap   total 96256K, used 73343K [0x00000000e0000000, 0x0000000100000000)
  region size 1024K, 29 young (29696K), 3 survivors (3072K)
 Metaspace       used 73440K, committed 74176K, reserved 1114112K
  class space    used 9893K, committed 10240K, reserved 1048576K
}
Event: 23.094 GC heap after
{Heap after GC invocations=33 (full 0):
 garbage-first heap   total 96256K, used 53397K [0x00000000e0000000, 0x0000000100000000)
  region size 1024K, 4 young (4096K), 4 survivors (4096K)
 Metaspace       used 73440K, committed 74176K, reserved 1114112K
  class space    used 9893K, committed 10240K, reserved 1048576K
}
Event: 23.273 GC heap before
{Heap before GC invocations=33 (full 0):
 garbage-first heap   total 96256K, used 74901K [0x00000000e0000000, 0x0000000100000000)
  region size 1024K, 25 young (25600K), 4 survivors (4096K)
 Metaspace       used 73637K, committed 74368K, reserved 1114112K
  class space    used 9907K, committed 10240K, reserved 1048576K
}
Event: 23.281 GC heap after
{Heap after GC invocations=34 (full 0):
 garbage-first heap   total 96256K, used 60669K [0x00000000e0000000, 0x0000000100000000)
  region size 1024K, 4 young (4096K), 4 survivors (4096K)
 Metaspace       used 73637K, committed 74368K, reserved 1114112K
  class space    used 9907K, committed 10240K, reserved 1048576K
}
Event: 23.381 GC heap before
{Heap before GC invocations=34 (full 0):
 garbage-first heap   total 119808K, used 75005K [0x00000000e0000000, 0x0000000100000000)
  region size 1024K, 19 young (19456K), 4 survivors (4096K)
 Metaspace       used 73654K, committed 74368K, reserved 1114112K
  class space    used 9907K, committed 10240K, reserved 1048576K
}
Event: 23.387 GC heap after
{Heap after GC invocations=35 (full 0):
 garbage-first heap   total 119808K, used 63996K [0x00000000e0000000, 0x0000000100000000)
  region size 1024K, 3 young (3072K), 3 survivors (3072K)
 Metaspace       used 73654K, committed 74368K, reserved 1114112K
  class space    used 9907K, committed 10240K, reserved 1048576K
}
Event: 23.470 GC heap before
{Heap before GC invocations=36 (full 0):
 garbage-first heap   total 119808K, used 91644K [0x00000000e0000000, 0x0000000100000000)
  region size 1024K, 29 young (29696K), 3 survivors (3072K)
 Metaspace       used 73675K, committed 74368K, reserved 1114112K
  class space    used 9907K, committed 10240K, reserved 1048576K
}
Event: 23.475 GC heap after
{Heap after GC invocations=37 (full 0):
 garbage-first heap   total 119808K, used 68433K [0x00000000e0000000, 0x0000000100000000)
  region size 1024K, 4 young (4096K), 4 survivors (4096K)
 Metaspace       used 73675K, committed 74368K, reserved 1114112K
  class space    used 9907K, committed 10240K, reserved 1048576K
}
Event: 23.476 GC heap before
{Heap before GC invocations=37 (full 0):
 garbage-first heap   total 119808K, used 69457K [0x00000000e0000000, 0x0000000100000000)
  region size 1024K, 5 young (5120K), 4 survivors (4096K)
 Metaspace       used 73675K, committed 74368K, reserved 1114112K
  class space    used 9907K, committed 10240K, reserved 1048576K
}
Event: 23.479 GC heap after
{Heap after GC invocations=38 (full 0):
 garbage-first heap   total 119808K, used 69056K [0x00000000e0000000, 0x0000000100000000)
  region size 1024K, 1 young (1024K), 1 survivors (1024K)
 Metaspace       used 73675K, committed 74368K, reserved 1114112K
  class space    used 9907K, committed 10240K, reserved 1048576K
}
Event: 23.594 GC heap before
{Heap before GC invocations=38 (full 0):
 garbage-first heap   total 119808K, used 90560K [0x00000000e0000000, 0x0000000100000000)
  region size 1024K, 23 young (23552K), 1 survivors (1024K)
 Metaspace       used 73711K, committed 74368K, reserved 1114112K
  class space    used 9910K, committed 10240K, reserved 1048576K
}

