# JRE version: OpenJDK Runtime Environment (18.0.1.1+2) (build 18.0.1.1+2-6)
# Java VM: OpenJDK 64-Bit Server VM (18.0.1.1+2-6, mixed mode, sharing, tiered, compressed oops, compressed class ptrs, g1 gc, windows-amd64)
GC Precious Log:
 CardTable entry size: 512
 Card Set container configuration: InlinePtr #cards 5 size 8 Array Of Cards #cards 12 size 40 Howl #buckets 4 coarsen threshold 1843 Howl Bitmap #cards 512 size 80 coarsen threshold 460 Card regions per heap region 1 cards per card region 2048
 CPUs: 8 total, 8 available
 Memory: 7103M
 Large Page Support: Disabled
 NUMA Support: Disabled
 Compressed Oops: Enabled (32-bit)
 Heap Region Size: 1M
 Heap Min Capacity: 8M
 Heap Initial Capacity: 112M
 Heap Max Capacity: 512M
 Pre-touch: Disabled
 Parallel Workers: 8
 Concurrent Workers: 2
 Concurrent Refinement Workers: 8
 Periodic GC: Disabled
Heap:
 garbage-first heap   total 195584K, used 121010K [0x00000000e0000000, 0x0000000100000000)
  region size 1024K, 44 young (45056K), 9 survivors (9216K)
 Metaspace       used 75985K, committed 76736K, reserved 1179648K
  class space    used 10233K, committed 10560K, reserved 1048576K
GC Heap History (20 events):
Event: 22.509 GC heap before
{Heap before GC invocations=27 (full 0):
 garbage-first heap   total 91136K, used 56822K [0x00000000e0000000, 0x0000000100000000)
  region size 1024K, 16 young (16384K), 2 survivors (2048K)
 Metaspace       used 73396K, committed 74112K, reserved 1114112K
  class space    used 9885K, committed 10240K, reserved 1048576K
}
Event: 22.512 GC heap after
{Heap after GC invocations=28 (full 0):
 garbage-first heap   total 91136K, used 44346K [0x00000000e0000000, 0x0000000100000000)
  region size 1024K, 2 young (2048K), 2 survivors (2048K)
 Metaspace       used 73396K, committed 74112K, reserved 1114112K
  class space    used 9885K, committed 10240K, reserved 1048576K
}
Event: 22.525 GC heap before
{Heap before GC invocations=28 (full 0):
 garbage-first heap   total 91136K, used 45370K [0x00000000e0000000, 0x0000000100000000)
  region size 1024K, 4 young (4096K), 2 survivors (2048K)
 Metaspace       used 73397K, committed 74112K, reserved 1114112K
  class space    used 9885K, committed 10240K, reserved 1048576K
}
Event: 22.527 GC heap after
{Heap after GC invocations=29 (full 0):
 garbage-first heap   total 91136K, used 44792K [0x00000000e0000000, 0x0000000100000000)
  region size 1024K, 3 young (3072K), 3 survivors (3072K)
 Metaspace       used 73397K, committed 74112K, reserved 1114112K
  class space    used 9885K, committed 10240K, reserved 1048576K
}
Event: 22.723 GC heap before
{Heap before GC invocations=30 (full 0):
 garbage-first heap   total 91136K, used 70392K [0x00000000e0000000, 0x0000000100000000)
  region size 1024K, 28 young (28672K), 3 survivors (3072K)
 Metaspace       used 73472K, committed 74112K, reserved 1114112K
  class space    used 9887K, committed 10240K, reserved 1048576K
}
Event: 22.727 GC heap after
{Heap after GC invocations=31 (full 0):
 garbage-first heap   total 91136K, used 49992K [0x00000000e0000000, 0x0000000100000000)
  region size 1024K, 4 young (4096K), 4 survivors (4096K)
 Metaspace       used 73472K, committed 74112K, reserved 1114112K
  class space    used 9887K, committed 10240K, reserved 1048576K
}
Event: 22.961 GC heap before
{Heap before GC invocations=31 (full 0):
 garbage-first heap   total 91136K, used 70472K [0x00000000e0000000, 0x0000000100000000)
  region size 1024K, 25 young (25600K), 4 survivors (4096K)
 Metaspace       used 73653K, committed 74304K, reserved 1114112K
  class space    used 9899K, committed 10240K, reserved 1048576K
}
Event: 22.967 GC heap after
{Heap after GC invocations=32 (full 0):
 garbage-first heap   total 91136K, used 57082K [0x00000000e0000000, 0x0000000100000000)
  region size 1024K, 4 young (4096K), 4 survivors (4096K)
 Metaspace       used 73653K, committed 74304K, reserved 1114112K
  class space    used 9899K, committed 10240K, reserved 1048576K
}
Event: 23.070 GC heap before
{Heap before GC invocations=33 (full 0):
 garbage-first heap   total 107520K, used 74490K [0x00000000e0000000, 0x0000000100000000)
  region size 1024K, 19 young (19456K), 4 survivors (4096K)
 Metaspace       used 73667K, committed 74304K, reserved 1114112K
  class space    used 9899K, committed 10240K, reserved 1048576K
}
Event: 23.074 GC heap after
{Heap after GC invocations=34 (full 0):
 garbage-first heap   total 107520K, used 63042K [0x00000000e0000000, 0x0000000100000000)
  region size 1024K, 3 young (3072K), 3 survivors (3072K)
 Metaspace       used 73667K, committed 74304K, reserved 1114112K
  class space    used 9899K, committed 10240K, reserved 1048576K
}
Event: 23.090 GC heap before
{Heap before GC invocations=34 (full 0):
 garbage-first heap   total 107520K, used 67138K [0x00000000e0000000, 0x0000000100000000)
  region size 1024K, 8 young (8192K), 3 survivors (3072K)
 Metaspace       used 73689K, committed 74368K, reserved 1114112K
  class space    used 9899K, committed 10240K, reserved 1048576K
}
Event: 23.092 GC heap after
{Heap after GC invocations=35 (full 0):
 garbage-first heap   total 107520K, used 62353K [0x00000000e0000000, 0x0000000100000000)
  region size 1024K, 2 young (2048K), 2 survivors (2048K)
 Metaspace       used 73689K, committed 74368K, reserved 1114112K
  class space    used 9899K, committed 10240K, reserved 1048576K
}
Event: 23.227 GC heap before
{Heap before GC invocations=36 (full 0):
 garbage-first heap   total 112640K, used 77713K [0x00000000e0000000, 0x0000000100000000)
  region size 1024K, 22 young (22528K), 2 survivors (2048K)
 Metaspace       used 73697K, committed 74368K, reserved 1114112K
  class space    used 9899K, committed 10240K, reserved 1048576K
}
Event: 23.231 GC heap after
{Heap after GC invocations=37 (full 0):
 garbage-first heap   total 112640K, used 61942K [0x00000000e0000000, 0x0000000100000000)
  region size 1024K, 3 young (3072K), 3 survivors (3072K)
 Metaspace       used 73697K, committed 74368K, reserved 1114112K
  class space    used 9899K, committed 10240K, reserved 1048576K
}
Event: 23.238 GC heap before
{Heap before GC invocations=37 (full 0):
 garbage-first heap   total 112640K, used 62966K [0x00000000e0000000, 0x0000000100000000)
  region size 1024K, 5 young (5120K), 3 survivors (3072K)
 Metaspace       used 73697K, committed 74368K, reserved 1114112K
  class space    used 9899K, committed 10240K, reserved 1048576K
}
Event: 23.241 GC heap after
{Heap after GC invocations=38 (full 0):
 garbage-first heap   total 195584K, used 53257K [0x00000000e0000000, 0x0000000100000000)
  region size 1024K, 1 young (1024K), 1 survivors (1024K)
 Metaspace       used 73697K, committed 74368K, reserved 1114112K
  class space    used 9899K, committed 10240K, reserved 1048576K
}
Event: 23.653 GC heap before
{Heap before GC invocations=38 (full 0):
 garbage-first heap   total 195584K, used 130057K [0x00000000e0000000, 0x0000000100000000)
  region size 1024K, 74 young (75776K), 1 survivors (1024K)
 Metaspace       used 73774K, committed 74432K, reserved 1114112K
  class space    used 9903K, committed 10240K, reserved 1048576K
}
Event: 23.665 GC heap after
{Heap after GC invocations=39 (full 0):
 garbage-first heap   total 195584K, used 71315K [0x00000000e0000000, 0x0000000100000000)
  region size 1024K, 10 young (10240K), 10 survivors (10240K)
 Metaspace       used 73774K, committed 74432K, reserved 1114112K
  class space    used 9903K, committed 10240K, reserved 1048576K
}
Event: 23.884 GC heap before
{Heap before GC invocations=39 (full 0):
 garbage-first heap   total 195584K, used 133779K [0x00000000e0000000, 0x0000000100000000)
  region size 1024K, 69 young (70656K), 10 survivors (10240K)
 Metaspace       used 73791K, committed 74432K, reserved 1114112K
  class space    used 9903K, committed 10240K, reserved 1048576K
}
Event: 23.897 GC heap after
{Heap after GC invocations=40 (full 0):
 garbage-first heap   total 195584K, used 87218K [0x00000000e0000000, 0x0000000100000000)
  region size 1024K, 9 young (9216K), 9 survivors (9216K)
 Metaspace       used 73791K, committed 74432K, reserved 1114112K
  class space    used 9903K, committed 10240K, reserved 1048576K
}

