# JRE version: OpenJDK Runtime Environment (18.0.1.1+2) (build 18.0.1.1+2-6)
# Java VM: OpenJDK 64-Bit Server VM (18.0.1.1+2-6, mixed mode, sharing, tiered, compressed oops, compressed class ptrs, g1 gc, windows-amd64)
GC Precious Log:
 CardTable entry size: 512
 Card Set container configuration: InlinePtr #cards 5 size 8 Array Of Cards #cards 12 size 40 Howl #buckets 4 coarsen threshold 1843 Howl Bitmap #cards 512 size 80 coarsen threshold 460 Card regions per heap region 1 cards per card region 2048
 CPUs: 8 total, 8 available
 Memory: 7103M
 Large Page Support: Disabled
 NUMA Support: Disabled
 Compressed Oops: Enabled (32-bit)
 Heap Region Size: 1M
 Heap Min Capacity: 8M
 Heap Initial Capacity: 112M
 Heap Max Capacity: 512M
 Pre-touch: Disabled
 Parallel Workers: 8
 Concurrent Workers: 2
 Concurrent Refinement Workers: 8
 Periodic GC: Disabled
Heap:
 garbage-first heap   total 114688K, used 67811K [0x00000000e0000000, 0x0000000100000000)
  region size 1024K, 3 young (3072K), 3 survivors (3072K)
 Metaspace       used 73610K, committed 74304K, reserved 1114112K
  class space    used 9890K, committed 10240K, reserved 1048576K
GC Heap History (20 events):
Event: 26.017 GC heap after
{Heap after GC invocations=24 (full 0):
 garbage-first heap   total 61440K, used 34845K [0x00000000e0000000, 0x0000000100000000)
  region size 1024K, 2 young (2048K), 2 survivors (2048K)
 Metaspace       used 64641K, committed 65216K, reserved 1114112K
  class space    used 8770K, committed 9024K, reserved 1048576K
}
Event: 26.569 GC heap before
{Heap before GC invocations=24 (full 0):
 garbage-first heap   total 61440K, used 51229K [0x00000000e0000000, 0x0000000100000000)
  region size 1024K, 18 young (18432K), 2 survivors (2048K)
 Metaspace       used 67645K, committed 68224K, reserved 1114112K
  class space    used 9159K, committed 9408K, reserved 1048576K
}
Event: 26.573 GC heap after
{Heap after GC invocations=25 (full 0):
 garbage-first heap   total 61440K, used 35792K [0x00000000e0000000, 0x0000000100000000)
  region size 1024K, 3 young (3072K), 3 survivors (3072K)
 Metaspace       used 67645K, committed 68224K, reserved 1114112K
  class space    used 9159K, committed 9408K, reserved 1048576K
}
Event: 27.084 GC heap before
{Heap before GC invocations=26 (full 0):
 garbage-first heap   total 63488K, used 50128K [0x00000000e0000000, 0x0000000100000000)
  region size 1024K, 17 young (17408K), 3 survivors (3072K)
 Metaspace       used 69203K, committed 69696K, reserved 1114112K
  class space    used 9375K, committed 9600K, reserved 1048576K
}
Event: 27.089 GC heap after
{Heap after GC invocations=27 (full 0):
 garbage-first heap   total 63488K, used 36962K [0x00000000e0000000, 0x0000000100000000)
  region size 1024K, 3 young (3072K), 3 survivors (3072K)
 Metaspace       used 69203K, committed 69696K, reserved 1114112K
  class space    used 9375K, committed 9600K, reserved 1048576K
}
Event: 27.510 GC heap before
{Heap before GC invocations=27 (full 0):
 garbage-first heap   total 63488K, used 51298K [0x00000000e0000000, 0x0000000100000000)
  region size 1024K, 17 young (17408K), 3 survivors (3072K)
 Metaspace       used 70682K, committed 71232K, reserved 1114112K
  class space    used 9559K, committed 9792K, reserved 1048576K
}
Event: 27.514 GC heap after
{Heap after GC invocations=28 (full 0):
 garbage-first heap   total 63488K, used 38220K [0x00000000e0000000, 0x0000000100000000)
  region size 1024K, 3 young (3072K), 3 survivors (3072K)
 Metaspace       used 70682K, committed 71232K, reserved 1114112K
  class space    used 9559K, committed 9792K, reserved 1048576K
}
Event: 28.023 GC heap before
{Heap before GC invocations=29 (full 0):
 garbage-first heap   total 70656K, used 51532K [0x00000000e0000000, 0x0000000100000000)
  region size 1024K, 16 young (16384K), 3 survivors (3072K)
 Metaspace       used 72853K, committed 73408K, reserved 1114112K
  class space    used 9832K, committed 10112K, reserved 1048576K
}
Event: 28.027 GC heap after
{Heap after GC invocations=30 (full 0):
 garbage-first heap   total 70656K, used 39353K [0x00000000e0000000, 0x0000000100000000)
  region size 1024K, 2 young (2048K), 2 survivors (2048K)
 Metaspace       used 72853K, committed 73408K, reserved 1114112K
  class space    used 9832K, committed 10112K, reserved 1048576K
}
Event: 28.189 GC heap before
{Heap before GC invocations=30 (full 0):
 garbage-first heap   total 70656K, used 50617K [0x00000000e0000000, 0x0000000100000000)
  region size 1024K, 14 young (14336K), 2 survivors (2048K)
 Metaspace       used 73322K, committed 74048K, reserved 1114112K
  class space    used 9877K, committed 10240K, reserved 1048576K
}
Event: 28.194 GC heap after
{Heap after GC invocations=31 (full 0):
 garbage-first heap   total 70656K, used 41222K [0x00000000e0000000, 0x0000000100000000)
  region size 1024K, 3 young (3072K), 3 survivors (3072K)
 Metaspace       used 73322K, committed 74048K, reserved 1114112K
  class space    used 9877K, committed 10240K, reserved 1048576K
}
Event: 28.264 GC heap before
{Heap before GC invocations=31 (full 0):
 garbage-first heap   total 97280K, used 58630K [0x00000000e0000000, 0x0000000100000000)
  region size 1024K, 19 young (19456K), 3 survivors (3072K)
 Metaspace       used 73357K, committed 74048K, reserved 1114112K
  class space    used 9877K, committed 10240K, reserved 1048576K
}
Event: 28.269 GC heap after
{Heap after GC invocations=32 (full 0):
 garbage-first heap   total 97280K, used 46924K [0x00000000e0000000, 0x0000000100000000)
  region size 1024K, 3 young (3072K), 3 survivors (3072K)
 Metaspace       used 73357K, committed 74048K, reserved 1114112K
  class space    used 9877K, committed 10240K, reserved 1048576K
}
Event: 28.388 GC heap before
{Heap before GC invocations=33 (full 0):
 garbage-first heap   total 97280K, used 77644K [0x00000000e0000000, 0x0000000100000000)
  region size 1024K, 32 young (32768K), 3 survivors (3072K)
 Metaspace       used 73429K, committed 74112K, reserved 1114112K
  class space    used 9879K, committed 10240K, reserved 1048576K
}
Event: 28.394 GC heap after
{Heap after GC invocations=34 (full 0):
 garbage-first heap   total 97280K, used 53246K [0x00000000e0000000, 0x0000000100000000)
  region size 1024K, 4 young (4096K), 4 survivors (4096K)
 Metaspace       used 73429K, committed 74112K, reserved 1114112K
  class space    used 9879K, committed 10240K, reserved 1048576K
}
Event: 28.537 GC heap before
{Heap before GC invocations=34 (full 0):
 garbage-first heap   total 97280K, used 74750K [0x00000000e0000000, 0x0000000100000000)
  region size 1024K, 26 young (26624K), 4 survivors (4096K)
 Metaspace       used 73600K, committed 74240K, reserved 1114112K
  class space    used 9890K, committed 10240K, reserved 1048576K
}
Event: 28.545 GC heap after
{Heap after GC invocations=35 (full 0):
 garbage-first heap   total 97280K, used 60274K [0x00000000e0000000, 0x0000000100000000)
  region size 1024K, 4 young (4096K), 4 survivors (4096K)
 Metaspace       used 73600K, committed 74240K, reserved 1114112K
  class space    used 9890K, committed 10240K, reserved 1048576K
}
Event: 28.592 GC heap before
{Heap before GC invocations=35 (full 0):
 garbage-first heap   total 97280K, used 76658K [0x00000000e0000000, 0x0000000100000000)
  region size 1024K, 20 young (20480K), 4 survivors (4096K)
 Metaspace       used 73601K, committed 74240K, reserved 1114112K
  class space    used 9890K, committed 10240K, reserved 1048576K
}
Event: 28.597 GC heap after
{Heap after GC invocations=36 (full 0):
 garbage-first heap   total 97280K, used 64267K [0x00000000e0000000, 0x0000000100000000)
  region size 1024K, 3 young (3072K), 3 survivors (3072K)
 Metaspace       used 73601K, committed 74240K, reserved 1114112K
  class space    used 9890K, committed 10240K, reserved 1048576K
}
Event: 28.652 GC heap before
{Heap before GC invocations=36 (full 0):
 garbage-first heap   total 114688K, used 78603K [0x00000000e0000000, 0x0000000100000000)
  region size 1024K, 17 young (17408K), 3 survivors (3072K)
 Metaspace       used 73610K, committed 74304K, reserved 1114112K
  class space    used 9890K, committed 10240K, reserved 1048576K
}

