# JRE version: OpenJDK Runtime Environment (18.0.1.1+2) (build 18.0.1.1+2-6)
# Java VM: OpenJDK 64-Bit Server VM (18.0.1.1+2-6, mixed mode, sharing, tiered, compressed oops, compressed class ptrs, g1 gc, windows-amd64)
GC Precious Log:
 CardTable entry size: 512
 Card Set container configuration: InlinePtr #cards 5 size 8 Array Of Cards #cards 12 size 40 Howl #buckets 4 coarsen threshold 1843 Howl Bitmap #cards 512 size 80 coarsen threshold 460 Card regions per heap region 1 cards per card region 2048
 CPUs: 8 total, 8 available
 Memory: 7103M
 Large Page Support: Disabled
 NUMA Support: Disabled
 Compressed Oops: Enabled (32-bit)
 Heap Region Size: 1M
 Heap Min Capacity: 8M
 Heap Initial Capacity: 112M
 Heap Max Capacity: 512M
 Pre-touch: Disabled
 Parallel Workers: 8
 Concurrent Workers: 2
 Concurrent Refinement Workers: 8
 Periodic GC: Disabled
Heap:
 garbage-first heap   total 201728K, used 60607K [0x00000000e0000000, 0x0000000100000000)
  region size 1024K, 4 young (4096K), 1 survivors (1024K)
 Metaspace       used 103088K, committed 104000K, reserved 1179648K
  class space    used 12688K, committed 13120K, reserved 1048576K
GC Heap History (20 events):
Event: 21.567 GC heap before
{Heap before GC invocations=33 (full 0):
 garbage-first heap   total 151552K, used 110984K [0x00000000e0000000, 0x0000000100000000)
  region size 1024K, 39 young (39936K), 6 survivors (6144K)
 Metaspace       used 74013K, committed 74688K, reserved 1114112K
  class space    used 9911K, committed 10240K, reserved 1048576K
}
Event: 21.573 GC heap after
{Heap after GC invocations=34 (full 0):
 garbage-first heap   total 151552K, used 83434K [0x00000000e0000000, 0x0000000100000000)
  region size 1024K, 5 young (5120K), 5 survivors (5120K)
 Metaspace       used 74013K, committed 74688K, reserved 1114112K
  class space    used 9911K, committed 10240K, reserved 1048576K
}
Event: 21.755 GC heap before
{Heap before GC invocations=35 (full 0):
 garbage-first heap   total 168960K, used 116202K [0x00000000e0000000, 0x0000000100000000)
  region size 1024K, 36 young (36864K), 5 survivors (5120K)
 Metaspace       used 74051K, committed 74752K, reserved 1114112K
  class space    used 9911K, committed 10240K, reserved 1048576K
}
Event: 21.763 GC heap after
{Heap after GC invocations=36 (full 0):
 garbage-first heap   total 168960K, used 94578K [0x00000000e0000000, 0x0000000100000000)
  region size 1024K, 5 young (5120K), 5 survivors (5120K)
 Metaspace       used 74051K, committed 74752K, reserved 1114112K
  class space    used 9911K, committed 10240K, reserved 1048576K
}
Event: 21.767 GC heap before
{Heap before GC invocations=36 (full 0):
 garbage-first heap   total 168960K, used 97650K [0x00000000e0000000, 0x0000000100000000)
  region size 1024K, 8 young (8192K), 5 survivors (5120K)
 Metaspace       used 74051K, committed 74752K, reserved 1114112K
  class space    used 9911K, committed 10240K, reserved 1048576K
}
Event: 21.771 GC heap after
{Heap after GC invocations=37 (full 0):
 garbage-first heap   total 168960K, used 85216K [0x00000000e0000000, 0x0000000100000000)
  region size 1024K, 1 young (1024K), 1 survivors (1024K)
 Metaspace       used 74051K, committed 74752K, reserved 1114112K
  class space    used 9911K, committed 10240K, reserved 1048576K
}
Event: 21.825 GC heap before
{Heap before GC invocations=37 (full 0):
 garbage-first heap   total 168960K, used 102624K [0x00000000e0000000, 0x0000000100000000)
  region size 1024K, 19 young (19456K), 1 survivors (1024K)
 Metaspace       used 74051K, committed 74752K, reserved 1114112K
  class space    used 9911K, committed 10240K, reserved 1048576K
}
Event: 21.828 GC heap after
{Heap after GC invocations=38 (full 0):
 garbage-first heap   total 168960K, used 88370K [0x00000000e0000000, 0x0000000100000000)
  region size 1024K, 5 young (5120K), 5 survivors (5120K)
 Metaspace       used 74051K, committed 74752K, reserved 1114112K
  class space    used 9911K, committed 10240K, reserved 1048576K
}
Event: 21.979 GC heap before
{Heap before GC invocations=39 (full 0):
 garbage-first heap   total 168960K, used 107602K [0x00000000e0000000, 0x0000000100000000)
  region size 1024K, 42 young (43008K), 5 survivors (5120K)
 Metaspace       used 74120K, committed 74816K, reserved 1114112K
  class space    used 9916K, committed 10240K, reserved 1048576K
}
Event: 21.989 GC heap after
{Heap after GC invocations=40 (full 0):
 garbage-first heap   total 168960K, used 80531K [0x00000000e0000000, 0x0000000100000000)
  region size 1024K, 6 young (6144K), 6 survivors (6144K)
 Metaspace       used 74120K, committed 74816K, reserved 1114112K
  class space    used 9916K, committed 10240K, reserved 1048576K
}
Event: 22.069 GC heap before
{Heap before GC invocations=40 (full 0):
 garbage-first heap   total 168960K, used 82579K [0x00000000e0000000, 0x0000000100000000)
  region size 1024K, 8 young (8192K), 6 survivors (6144K)
 Metaspace       used 74391K, committed 75072K, reserved 1179648K
  class space    used 9958K, committed 10304K, reserved 1048576K
}
Event: 22.074 GC heap after
{Heap after GC invocations=41 (full 0):
 garbage-first heap   total 254976K, used 64603K [0x00000000e0000000, 0x0000000100000000)
  region size 1024K, 1 young (1024K), 1 survivors (1024K)
 Metaspace       used 74391K, committed 75072K, reserved 1179648K
  class space    used 9958K, committed 10304K, reserved 1048576K
}
Event: 22.463 GC heap before
{Heap before GC invocations=41 (full 0):
 garbage-first heap   total 254976K, used 75867K [0x00000000e0000000, 0x0000000100000000)
  region size 1024K, 12 young (12288K), 1 survivors (1024K)
 Metaspace       used 75532K, committed 76224K, reserved 1179648K
  class space    used 10133K, committed 10496K, reserved 1048576K
}
Event: 22.465 GC heap after
{Heap after GC invocations=42 (full 0):
 garbage-first heap   total 254976K, used 64669K [0x00000000e0000000, 0x0000000100000000)
  region size 1024K, 2 young (2048K), 2 survivors (2048K)
 Metaspace       used 75532K, committed 76224K, reserved 1179648K
  class space    used 10133K, committed 10496K, reserved 1048576K
}
Event: 23.067 GC heap before
{Heap before GC invocations=42 (full 0):
 garbage-first heap   total 254976K, used 80029K [0x00000000e0000000, 0x0000000100000000)
  region size 1024K, 19 young (19456K), 2 survivors (2048K)
 Metaspace       used 80117K, committed 80832K, reserved 1179648K
  class space    used 10477K, committed 10816K, reserved 1048576K
}
Event: 23.071 GC heap after
{Heap after GC invocations=43 (full 0):
 garbage-first heap   total 254976K, used 66749K [0x00000000e0000000, 0x0000000100000000)
  region size 1024K, 4 young (4096K), 4 survivors (4096K)
 Metaspace       used 80117K, committed 80832K, reserved 1179648K
  class space    used 10477K, committed 10816K, reserved 1048576K
}
Event: 27.530 GC heap before
{Heap before GC invocations=44 (full 0):
 garbage-first heap   total 201728K, used 172221K [0x00000000e0000000, 0x0000000100000000)
  region size 1024K, 115 young (117760K), 4 survivors (4096K)
 Metaspace       used 102954K, committed 103808K, reserved 1179648K
  class space    used 12674K, committed 13120K, reserved 1048576K
}
Event: 27.543 GC heap after
{Heap after GC invocations=45 (full 0):
 garbage-first heap   total 201728K, used 65247K [0x00000000e0000000, 0x0000000100000000)
  region size 1024K, 11 young (11264K), 11 survivors (11264K)
 Metaspace       used 102954K, committed 103808K, reserved 1179648K
  class space    used 12674K, committed 13120K, reserved 1048576K
}
Event: 27.544 GC heap before
{Heap before GC invocations=45 (full 0):
 garbage-first heap   total 201728K, used 66271K [0x00000000e0000000, 0x0000000100000000)
  region size 1024K, 12 young (12288K), 11 survivors (11264K)
 Metaspace       used 102955K, committed 103808K, reserved 1179648K
  class space    used 12674K, committed 13120K, reserved 1048576K
}
Event: 27.551 GC heap after
{Heap after GC invocations=46 (full 0):
 garbage-first heap   total 201728K, used 58559K [0x00000000e0000000, 0x0000000100000000)
  region size 1024K, 1 young (1024K), 1 survivors (1024K)
 Metaspace       used 102955K, committed 103808K, reserved 1179648K
  class space    used 12674K, committed 13120K, reserved 1048576K
}

